2024-01-15 10:30:00 - BinanceBot - INFO - Placing MARKET order: BTCUSDT BUY 0.001
2024-01-15 10:30:01 - BinanceBot - INFO - MARKET order placed successfully: {'orderId': 123456789, 'symbol': 'BTCUSDT', 'side': 'BUY', 'origQty': '0.001', 'status': 'FILLED', 'avgPrice': '45000.00'}
2024-01-15 10:35:00 - BinanceBot - INFO - Placing LIMIT order: BTCUSDT SELL 0.001 @ 46000.0
2024-01-15 10:35:01 - BinanceBot - INFO - LIMIT order placed successfully: {'orderId': 123456790, 'symbol': 'BTCUSDT', 'side': 'SELL', 'origQty': '0.001', 'price': '46000.0', 'status': 'NEW'}
2024-01-15 10:40:00 - OCOOrders - INFO - Placing OCO order: BTCUSDT BUY 0.001 TP@47000.0 SL@44000.0
2024-01-15 10:40:01 - OCOOrders - INFO - OCO order placed successfully: {'oco_id': 'BTCUSDT_1705316400', 'take_profit_order': {'orderId': 123456791}, 'stop_loss_order': {'orderId': 123456792}, 'status': 'PLACED'}
2024-01-15 10:45:00 - TWAPStrategy - INFO - Starting TWAP execution: TWAP_BTCUSDT_1705316700 - BTCUSDT BUY 1.0 over 60min in 10 slices
2024-01-15 10:45:01 - TWAPStrategy - INFO - TWAP TWAP_BTCUSDT_1705316700 slice 1/10 executed: 0.1 @ 45000.0
2024-01-15 10:51:00 - TWAPStrategy - INFO - TWAP TWAP_BTCUSDT_1705316700 slice 2/10 executed: 0.1 @ 45100.0
2024-01-15 10:57:00 - TWAPStrategy - INFO - TWAP TWAP_BTCUSDT_1705316700 slice 3/10 executed: 0.1 @ 45200.0
2024-01-15 11:00:00 - GridOrders - INFO - Grid strategy created: GRID_BTCUSDT_1705317000 - BTCUSDT BUY 10 orders between 44000.0-46000.0
2024-01-15 11:00:01 - GridOrders - INFO - Grid GRID_BTCUSDT_1705317000 level 1 order placed: BUY 0.01 @ 44000.0
2024-01-15 11:00:02 - GridOrders - INFO - Grid GRID_BTCUSDT_1705317000 level 2 order placed: BUY 0.01 @ 44222.22
2024-01-15 11:00:03 - GridOrders - INFO - Grid GRID_BTCUSDT_1705317000 level 3 order placed: BUY 0.01 @ 44444.442025-10-24 15:40:24 - BinanceBot - INFO - Placing MARKET order: BTCUSDT BUY 0.001
2025-10-24 15:40:24 - BinanceBot - INFO - MARKET order placed successfully: {'orderId': 6895784083, 'symbol': 'BTCUSDT', 'status': 'NEW', 'clientOrderId': 'x-Cb7ytekJ6fb4aaa8d42c5ab192ea78', 'price': '0.00', 'avgPrice': '0.00', 'origQty': '0.001', 'executedQty': '0.000', 'cumQty': '0.000', 'cumQuote': '0.00000', 'timeInForce': 'GTC', 'type': 'MARKET', 'reduceOnly': False, 'closePosition': False, 'side': 'BUY', 'positionSide': 'BOTH', 'stopPrice': '0.00', 'workingType': 'CONTRACT_PRICE', 'priceProtect': False, 'origType': 'MARKET', 'priceMatch': 'NONE', 'selfTradePreventionMode': 'EXPIRE_MAKER', 'goodTillDate': 0, 'updateTime': 1761300624562}
2025-10-24 15:40:33 - BinanceBot - INFO - Placing LIMIT order: BTCUSDT SELL 0.001 @ 70000.0
2025-10-24 15:40:33 - BinanceBot - ERROR - Error placing LIMIT order: APIError(code=-4024): Limit price can't be lower than 105668.00.
Traceback (most recent call last):
  File "C:\Users\ankit\Downloads\my_binance_bot\my_binance_bot\src\basic_bot.py", line 176, in place_limit_order
    order = self.client.futures_create_order(
            ^^^^^^^^^^^^^^^^^^^^^^^^^^^^^^^^^
  File "C:\Python312\Lib\site-packages\binance\client.py", line 7782, in futures_create_order
    return self._request_futures_api("post", "order", True, data=params)
           ^^^^^^^^^^^^^^^^^^^^^^^^^^^^^^^^^^^^^^^^^^^^^^^^^^^^^^^^^^^^^
  File "C:\Python312\Lib\site-packages\binance\client.py", line 128, in _request_futures_api
    return self._request(method, uri, signed, force_params, **kwargs)
           ^^^^^^^^^^^^^^^^^^^^^^^^^^^^^^^^^^^^^^^^^^^^^^^^^^^^^^^^^^
  File "C:\Python312\Lib\site-packages\binance\client.py", line 91, in _request
    return self._handle_response(self.response)
           ^^^^^^^^^^^^^^^^^^^^^^^^^^^^^^^^^^^^
  File "C:\Python312\Lib\site-packages\binance\client.py", line 100, in _handle_response
    raise BinanceAPIException(response, response.status_code, response.text)
binance.exceptions.BinanceAPIException: APIError(code=-4024): Limit price can't be lower than 105668.00.
2025-10-24 15:40:49 - BinanceBot - INFO - Placing LIMIT order: BTCUSDT SELL 0.001 @ 110000.0
2025-10-24 15:40:49 - BinanceBot - INFO - LIMIT order placed successfully: {'orderId': 6895834950, 'symbol': 'BTCUSDT', 'status': 'NEW', 'clientOrderId': 'x-Cb7ytekJab64a7ef2a42f6b77ea25e', 'price': '110000.00', 'avgPrice': '0.00', 'origQty': '0.001', 'executedQty': '0.000', 'cumQty': '0.000', 'cumQuote': '0.00000', 'timeInForce': 'GTC', 'type': 'LIMIT', 'reduceOnly': False, 'closePosition': False, 'side': 'SELL', 'positionSide': 'BOTH', 'stopPrice': '0.00', 'workingType': 'CONTRACT_PRICE', 'priceProtect': False, 'origType': 'LIMIT', 'priceMatch': 'NONE', 'selfTradePreventionMode': 'EXPIRE_MAKER', 'goodTillDate': 0, 'updateTime': 1761300649168}
2025-10-24 15:41:51 - StopLimitOrders - INFO - Placing STOP_MARKET order: BTCUSDT SELL 0.001 stop@120000.0
2025-10-24 15:41:52 - StopLimitOrders - ERROR - Error placing STOP_MARKET order: APIError(code=-2021): Order would immediately trigger.
Traceback (most recent call last):
  File "C:\Users\ankit\Downloads\my_binance_bot\my_binance_bot\src\advanced\stop_limit.py", line 104, in place_stop_market_order
    order = self.bot.client.futures_create_order(
            ^^^^^^^^^^^^^^^^^^^^^^^^^^^^^^^^^^^^^
  File "C:\Python312\Lib\site-packages\binance\client.py", line 7782, in futures_create_order
    return self._request_futures_api("post", "order", True, data=params)
           ^^^^^^^^^^^^^^^^^^^^^^^^^^^^^^^^^^^^^^^^^^^^^^^^^^^^^^^^^^^^^
  File "C:\Python312\Lib\site-packages\binance\client.py", line 128, in _request_futures_api
    return self._request(method, uri, signed, force_params, **kwargs)
           ^^^^^^^^^^^^^^^^^^^^^^^^^^^^^^^^^^^^^^^^^^^^^^^^^^^^^^^^^^
  File "C:\Python312\Lib\site-packages\binance\client.py", line 91, in _request
    return self._handle_response(self.response)
           ^^^^^^^^^^^^^^^^^^^^^^^^^^^^^^^^^^^^
  File "C:\Python312\Lib\site-packages\binance\client.py", line 100, in _handle_response
    raise BinanceAPIException(response, response.status_code, response.text)
binance.exceptions.BinanceAPIException: APIError(code=-2021): Order would immediately trigger.
2025-10-24 15:42:00 - StopLimitOrders - INFO - Placing STOP_MARKET order: BTCUSDT SELL 0.001 stop@50000.0
2025-10-24 15:42:01 - StopLimitOrders - ERROR - Error placing STOP_MARKET order: APIError(code=-4164): Order's notional must be no smaller than 100 (unless you choose reduce only).
Traceback (most recent call last):
  File "C:\Users\ankit\Downloads\my_binance_bot\my_binance_bot\src\advanced\stop_limit.py", line 104, in place_stop_market_order
    order = self.bot.client.futures_create_order(
            ^^^^^^^^^^^^^^^^^^^^^^^^^^^^^^^^^^^^^
  File "C:\Python312\Lib\site-packages\binance\client.py", line 7782, in futures_create_order
    return self._request_futures_api("post", "order", True, data=params)
           ^^^^^^^^^^^^^^^^^^^^^^^^^^^^^^^^^^^^^^^^^^^^^^^^^^^^^^^^^^^^^
  File "C:\Python312\Lib\site-packages\binance\client.py", line 128, in _request_futures_api
    return self._request(method, uri, signed, force_params, **kwargs)
           ^^^^^^^^^^^^^^^^^^^^^^^^^^^^^^^^^^^^^^^^^^^^^^^^^^^^^^^^^^
  File "C:\Python312\Lib\site-packages\binance\client.py", line 91, in _request
    return self._handle_response(self.response)
           ^^^^^^^^^^^^^^^^^^^^^^^^^^^^^^^^^^^^
  File "C:\Python312\Lib\site-packages\binance\client.py", line 100, in _handle_response
    raise BinanceAPIException(response, response.status_code, response.text)
binance.exceptions.BinanceAPIException: APIError(code=-4164): Order's notional must be no smaller than 100 (unless you choose reduce only).
2025-10-24 15:42:09 - StopLimitOrders - INFO - Placing STOP_MARKET order: BTCUSDT SELL 0.01 stop@50000.0
2025-10-24 15:42:09 - StopLimitOrders - INFO - STOP_MARKET order placed successfully: {'orderId': 6895996586, 'symbol': 'BTCUSDT', 'status': 'NEW', 'clientOrderId': 'x-Cb7ytekJc84dcdf43a2a6cbf5db27a', 'price': '0.00', 'avgPrice': '0.00', 'origQty': '0.010', 'executedQty': '0.000', 'cumQty': '0.000', 'cumQuote': '0.00000', 'timeInForce': 'GTC', 'type': 'STOP_MARKET', 'reduceOnly': False, 'closePosition': False, 'side': 'SELL', 'positionSide': 'BOTH', 'stopPrice': '50000.00', 'workingType': 'CONTRACT_PRICE', 'priceProtect': False, 'origType': 'STOP_MARKET', 'priceMatch': 'NONE', 'selfTradePreventionMode': 'EXPIRE_MAKER', 'goodTillDate': 0, 'updateTime': 1761300729867}
2025-10-24 15:42:19 - OCOOrders - INFO - Placing OCO order: BTCUSDT BUY 0.01 TP@120000.0 SL@50000.0
2025-10-24 15:42:19 - OCOOrders - ERROR - Error placing OCO order: APIError(code=-4016): Limit price can't be higher than 116795.85.
Traceback (most recent call last):
  File "C:\Users\ankit\Downloads\my_binance_bot\my_binance_bot\src\advanced\oco.py", line 74, in place_oco_order
    take_profit_order = self.bot.client.futures_create_order(
                        ^^^^^^^^^^^^^^^^^^^^^^^^^^^^^^^^^^^^^
  File "C:\Python312\Lib\site-packages\binance\client.py", line 7782, in futures_create_order
    return self._request_futures_api("post", "order", True, data=params)
           ^^^^^^^^^^^^^^^^^^^^^^^^^^^^^^^^^^^^^^^^^^^^^^^^^^^^^^^^^^^^^
  File "C:\Python312\Lib\site-packages\binance\client.py", line 128, in _request_futures_api
    return self._request(method, uri, signed, force_params, **kwargs)
           ^^^^^^^^^^^^^^^^^^^^^^^^^^^^^^^^^^^^^^^^^^^^^^^^^^^^^^^^^^
  File "C:\Python312\Lib\site-packages\binance\client.py", line 91, in _request
    return self._handle_response(self.response)
           ^^^^^^^^^^^^^^^^^^^^^^^^^^^^^^^^^^^^
  File "C:\Python312\Lib\site-packages\binance\client.py", line 100, in _handle_response
    raise BinanceAPIException(response, response.status_code, response.text)
binance.exceptions.BinanceAPIException: APIError(code=-4016): Limit price can't be higher than 116795.85.
2025-10-24 15:42:27 - OCOOrders - INFO - Placing OCO order: BTCUSDT BUY 0.01 TP@110000.0 SL@50000.0
2025-10-24 15:42:27 - OCOOrders - ERROR - Error placing OCO order: APIError(code=-2021): Order would immediately trigger.
Traceback (most recent call last):
  File "C:\Users\ankit\Downloads\my_binance_bot\my_binance_bot\src\advanced\oco.py", line 84, in place_oco_order
    stop_loss_order = self.bot.client.futures_create_order(
                      ^^^^^^^^^^^^^^^^^^^^^^^^^^^^^^^^^^^^^
  File "C:\Python312\Lib\site-packages\binance\client.py", line 7782, in futures_create_order
    return self._request_futures_api("post", "order", True, data=params)
           ^^^^^^^^^^^^^^^^^^^^^^^^^^^^^^^^^^^^^^^^^^^^^^^^^^^^^^^^^^^^^
  File "C:\Python312\Lib\site-packages\binance\client.py", line 128, in _request_futures_api
    return self._request(method, uri, signed, force_params, **kwargs)
           ^^^^^^^^^^^^^^^^^^^^^^^^^^^^^^^^^^^^^^^^^^^^^^^^^^^^^^^^^^
  File "C:\Python312\Lib\site-packages\binance\client.py", line 91, in _request
    return self._handle_response(self.response)
           ^^^^^^^^^^^^^^^^^^^^^^^^^^^^^^^^^^^^
  File "C:\Python312\Lib\site-packages\binance\client.py", line 100, in _handle_response
    raise BinanceAPIException(response, response.status_code, response.text)
binance.exceptions.BinanceAPIException: APIError(code=-2021): Order would immediately trigger.
2025-10-24 15:42:38 - OCOOrders - INFO - Placing OCO order: BTCUSDT BUY 0.01 TP@120000.0 SL@40000.0
2025-10-24 15:42:38 - OCOOrders - ERROR - Error placing OCO order: APIError(code=-4016): Limit price can't be higher than 116794.76.
Traceback (most recent call last):
  File "C:\Users\ankit\Downloads\my_binance_bot\my_binance_bot\src\advanced\oco.py", line 74, in place_oco_order
    take_profit_order = self.bot.client.futures_create_order(
                        ^^^^^^^^^^^^^^^^^^^^^^^^^^^^^^^^^^^^^
  File "C:\Python312\Lib\site-packages\binance\client.py", line 7782, in futures_create_order
    return self._request_futures_api("post", "order", True, data=params)
           ^^^^^^^^^^^^^^^^^^^^^^^^^^^^^^^^^^^^^^^^^^^^^^^^^^^^^^^^^^^^^
  File "C:\Python312\Lib\site-packages\binance\client.py", line 128, in _request_futures_api
    return self._request(method, uri, signed, force_params, **kwargs)
           ^^^^^^^^^^^^^^^^^^^^^^^^^^^^^^^^^^^^^^^^^^^^^^^^^^^^^^^^^^
  File "C:\Python312\Lib\site-packages\binance\client.py", line 91, in _request
    return self._handle_response(self.response)
           ^^^^^^^^^^^^^^^^^^^^^^^^^^^^^^^^^^^^
  File "C:\Python312\Lib\site-packages\binance\client.py", line 100, in _handle_response
    raise BinanceAPIException(response, response.status_code, response.text)
binance.exceptions.BinanceAPIException: APIError(code=-4016): Limit price can't be higher than 116794.76.
2025-10-24 15:42:53 - OCOOrders - INFO - Placing OCO order: BTCUSDT BUY 0.01 TP@110000.0 SL@40000.0
2025-10-24 15:42:53 - OCOOrders - ERROR - Error placing OCO order: APIError(code=-2021): Order would immediately trigger.
Traceback (most recent call last):
  File "C:\Users\ankit\Downloads\my_binance_bot\my_binance_bot\src\advanced\oco.py", line 84, in place_oco_order
    stop_loss_order = self.bot.client.futures_create_order(
                      ^^^^^^^^^^^^^^^^^^^^^^^^^^^^^^^^^^^^^
  File "C:\Python312\Lib\site-packages\binance\client.py", line 7782, in futures_create_order
    return self._request_futures_api("post", "order", True, data=params)
           ^^^^^^^^^^^^^^^^^^^^^^^^^^^^^^^^^^^^^^^^^^^^^^^^^^^^^^^^^^^^^
  File "C:\Python312\Lib\site-packages\binance\client.py", line 128, in _request_futures_api
    return self._request(method, uri, signed, force_params, **kwargs)
           ^^^^^^^^^^^^^^^^^^^^^^^^^^^^^^^^^^^^^^^^^^^^^^^^^^^^^^^^^^
  File "C:\Python312\Lib\site-packages\binance\client.py", line 91, in _request
    return self._handle_response(self.response)
           ^^^^^^^^^^^^^^^^^^^^^^^^^^^^^^^^^^^^
  File "C:\Python312\Lib\site-packages\binance\client.py", line 100, in _handle_response
    raise BinanceAPIException(response, response.status_code, response.text)
binance.exceptions.BinanceAPIException: APIError(code=-2021): Order would immediately trigger.
2025-10-24 15:43:03 - TWAPStrategy - INFO - Starting TWAP execution: TWAP_BTCUSDT_1761300783 - BTCUSDT BUY 0.01 over 1min in 3 slices
2025-10-24 15:43:03 - BinanceBot - INFO - Placing MARKET order: BTCUSDT BUY 0.0033333333333333335
2025-10-24 15:43:03 - BinanceBot - ERROR - Error placing MARKET order: APIError(code=-1111): Precision is over the maximum defined for this asset.
Traceback (most recent call last):
  File "C:\Users\ankit\Downloads\my_binance_bot\my_binance_bot\src\basic_bot.py", line 139, in place_market_order
    order = self.client.futures_create_order(
            ^^^^^^^^^^^^^^^^^^^^^^^^^^^^^^^^^
  File "C:\Python312\Lib\site-packages\binance\client.py", line 7782, in futures_create_order
    return self._request_futures_api("post", "order", True, data=params)
           ^^^^^^^^^^^^^^^^^^^^^^^^^^^^^^^^^^^^^^^^^^^^^^^^^^^^^^^^^^^^^
  File "C:\Python312\Lib\site-packages\binance\client.py", line 128, in _request_futures_api
    return self._request(method, uri, signed, force_params, **kwargs)
           ^^^^^^^^^^^^^^^^^^^^^^^^^^^^^^^^^^^^^^^^^^^^^^^^^^^^^^^^^^
  File "C:\Python312\Lib\site-packages\binance\client.py", line 91, in _request
    return self._handle_response(self.response)
           ^^^^^^^^^^^^^^^^^^^^^^^^^^^^^^^^^^^^
  File "C:\Python312\Lib\site-packages\binance\client.py", line 100, in _handle_response
    raise BinanceAPIException(response, response.status_code, response.text)
binance.exceptions.BinanceAPIException: APIError(code=-1111): Precision is over the maximum defined for this asset.
2025-10-24 15:43:03 - TWAPStrategy - ERROR - TWAP TWAP_BTCUSDT_1761300783 slice 1 failed: APIError(code=-1111): Precision is over the maximum defined for this asset.
2025-10-24 15:43:24 - BinanceBot - INFO - Placing MARKET order: BTCUSDT BUY 0.0033333333333333335
2025-10-24 15:43:24 - BinanceBot - ERROR - Error placing MARKET order: APIError(code=-1111): Precision is over the maximum defined for this asset.
Traceback (most recent call last):
  File "C:\Users\ankit\Downloads\my_binance_bot\my_binance_bot\src\basic_bot.py", line 139, in place_market_order
    order = self.client.futures_create_order(
            ^^^^^^^^^^^^^^^^^^^^^^^^^^^^^^^^^
  File "C:\Python312\Lib\site-packages\binance\client.py", line 7782, in futures_create_order
    return self._request_futures_api("post", "order", True, data=params)
           ^^^^^^^^^^^^^^^^^^^^^^^^^^^^^^^^^^^^^^^^^^^^^^^^^^^^^^^^^^^^^
  File "C:\Python312\Lib\site-packages\binance\client.py", line 128, in _request_futures_api
    return self._request(method, uri, signed, force_params, **kwargs)
           ^^^^^^^^^^^^^^^^^^^^^^^^^^^^^^^^^^^^^^^^^^^^^^^^^^^^^^^^^^
  File "C:\Python312\Lib\site-packages\binance\client.py", line 91, in _request
    return self._handle_response(self.response)
           ^^^^^^^^^^^^^^^^^^^^^^^^^^^^^^^^^^^^
  File "C:\Python312\Lib\site-packages\binance\client.py", line 100, in _handle_response
    raise BinanceAPIException(response, response.status_code, response.text)
binance.exceptions.BinanceAPIException: APIError(code=-1111): Precision is over the maximum defined for this asset.
2025-10-24 15:43:24 - TWAPStrategy - ERROR - TWAP TWAP_BTCUSDT_1761300783 slice 2 failed: APIError(code=-1111): Precision is over the maximum defined for this asset.
2025-10-24 15:43:44 - BinanceBot - INFO - Placing MARKET order: BTCUSDT BUY 0.01
2025-10-24 15:43:44 - BinanceBot - INFO - MARKET order placed successfully: {'orderId': 6896185799, 'symbol': 'BTCUSDT', 'status': 'NEW', 'clientOrderId': 'x-Cb7ytekJ7e52a7da78739bcfc4a9b5', 'price': '0.00', 'avgPrice': '0.00', 'origQty': '0.010', 'executedQty': '0.000', 'cumQty': '0.000', 'cumQuote': '0.00000', 'timeInForce': 'GTC', 'type': 'MARKET', 'reduceOnly': False, 'closePosition': False, 'side': 'BUY', 'positionSide': 'BOTH', 'stopPrice': '0.00', 'workingType': 'CONTRACT_PRICE', 'priceProtect': False, 'origType': 'MARKET', 'priceMatch': 'NONE', 'selfTradePreventionMode': 'EXPIRE_MAKER', 'goodTillDate': 0, 'updateTime': 1761300824638}
2025-10-24 15:43:44 - TWAPStrategy - INFO - TWAP TWAP_BTCUSDT_1761300783 slice 3/3 executed: 0.01 @ 0.00
2025-10-24 15:43:44 - TWAPStrategy - INFO - TWAP TWAP_BTCUSDT_1761300783 completed. Executed: 1, Failed: 2
2025-10-24 15:43:53 - GridOrders - INFO - Grid strategy created: GRID_BTCUSDT_1761300833 - BTCUSDT BUY 5 orders between 100000.0-120000.0
2025-10-24 15:43:54 - BinanceBot - INFO - Placing LIMIT order: BTCUSDT BUY 0.01 @ 100000.0
2025-10-24 15:43:54 - BinanceBot - INFO - LIMIT order placed successfully: {'orderId': 6896207245, 'symbol': 'BTCUSDT', 'status': 'NEW', 'clientOrderId': 'x-Cb7ytekJ916dda6eeec6246f78adad', 'price': '100000.00', 'avgPrice': '0.00', 'origQty': '0.010', 'executedQty': '0.000', 'cumQty': '0.000', 'cumQuote': '0.00000', 'timeInForce': 'GTC', 'type': 'LIMIT', 'reduceOnly': False, 'closePosition': False, 'side': 'BUY', 'positionSide': 'BOTH', 'stopPrice': '0.00', 'workingType': 'CONTRACT_PRICE', 'priceProtect': False, 'origType': 'LIMIT', 'priceMatch': 'NONE', 'selfTradePreventionMode': 'EXPIRE_MAKER', 'goodTillDate': 0, 'updateTime': 1761300834110}
2025-10-24 15:43:54 - GridOrders - INFO - Grid GRID_BTCUSDT_1761300833 level 1 order placed: BUY 0.01 @ 100000.0
2025-10-24 15:43:54 - BinanceBot - INFO - Placing LIMIT order: BTCUSDT BUY 0.01 @ 105000.0
2025-10-24 15:43:55 - BinanceBot - INFO - LIMIT order placed successfully: {'orderId': 6896208080, 'symbol': 'BTCUSDT', 'status': 'NEW', 'clientOrderId': 'x-Cb7ytekJbb291942b2609894c5af6f', 'price': '105000.00', 'avgPrice': '0.00', 'origQty': '0.010', 'executedQty': '0.000', 'cumQty': '0.000', 'cumQuote': '0.00000', 'timeInForce': 'GTC', 'type': 'LIMIT', 'reduceOnly': False, 'closePosition': False, 'side': 'BUY', 'positionSide': 'BOTH', 'stopPrice': '0.00', 'workingType': 'CONTRACT_PRICE', 'priceProtect': False, 'origType': 'LIMIT', 'priceMatch': 'NONE', 'selfTradePreventionMode': 'EXPIRE_MAKER', 'goodTillDate': 0, 'updateTime': 1761300834938}
2025-10-24 15:43:55 - GridOrders - INFO - Grid GRID_BTCUSDT_1761300833 level 2 order placed: BUY 0.01 @ 105000.0
2025-10-24 15:43:55 - BinanceBot - INFO - Placing LIMIT order: BTCUSDT SELL 0.01 @ 110000.0
2025-10-24 15:43:55 - BinanceBot - INFO - LIMIT order placed successfully: {'orderId': 6896210669, 'symbol': 'BTCUSDT', 'status': 'NEW', 'clientOrderId': 'x-Cb7ytekJ809add8ec0ca0b091f573a', 'price': '110000.00', 'avgPrice': '0.00', 'origQty': '0.010', 'executedQty': '0.000', 'cumQty': '0.000', 'cumQuote': '0.00000', 'timeInForce': 'GTC', 'type': 'LIMIT', 'reduceOnly': False, 'closePosition': False, 'side': 'SELL', 'positionSide': 'BOTH', 'stopPrice': '0.00', 'workingType': 'CONTRACT_PRICE', 'priceProtect': False, 'origType': 'LIMIT', 'priceMatch': 'NONE', 'selfTradePreventionMode': 'EXPIRE_MAKER', 'goodTillDate': 0, 'updateTime': 1761300835507}
2025-10-24 15:43:55 - GridOrders - INFO - Grid GRID_BTCUSDT_1761300833 level 3 order placed: SELL 0.01 @ 110000.0
2025-10-24 15:43:56 - BinanceBot - INFO - Placing LIMIT order: BTCUSDT SELL 0.01 @ 115000.0
2025-10-24 15:43:56 - BinanceBot - INFO - LIMIT order placed successfully: {'orderId': 6896211540, 'symbol': 'BTCUSDT', 'status': 'NEW', 'clientOrderId': 'x-Cb7ytekJ4ed7593b9a04608cc14d94', 'price': '115000.00', 'avgPrice': '0.00', 'origQty': '0.010', 'executedQty': '0.000', 'cumQty': '0.000', 'cumQuote': '0.00000', 'timeInForce': 'GTC', 'type': 'LIMIT', 'reduceOnly': False, 'closePosition': False, 'side': 'SELL', 'positionSide': 'BOTH', 'stopPrice': '0.00', 'workingType': 'CONTRACT_PRICE', 'priceProtect': False, 'origType': 'LIMIT', 'priceMatch': 'NONE', 'selfTradePreventionMode': 'EXPIRE_MAKER', 'goodTillDate': 0, 'updateTime': 1761300836070}
2025-10-24 15:43:56 - GridOrders - INFO - Grid GRID_BTCUSDT_1761300833 level 4 order placed: SELL 0.01 @ 115000.0
2025-10-24 15:43:56 - BinanceBot - INFO - Placing LIMIT order: BTCUSDT SELL 0.01 @ 120000.0
2025-10-24 15:43:57 - BinanceBot - INFO - LIMIT order placed successfully: {'orderId': 6896212557, 'symbol': 'BTCUSDT', 'status': 'NEW', 'clientOrderId': 'x-Cb7ytekJd31bcaf83e4389b45d1166', 'price': '120000.00', 'avgPrice': '0.00', 'origQty': '0.010', 'executedQty': '0.000', 'cumQty': '0.000', 'cumQuote': '0.00000', 'timeInForce': 'GTC', 'type': 'LIMIT', 'reduceOnly': False, 'closePosition': False, 'side': 'SELL', 'positionSide': 'BOTH', 'stopPrice': '0.00', 'workingType': 'CONTRACT_PRICE', 'priceProtect': False, 'origType': 'LIMIT', 'priceMatch': 'NONE', 'selfTradePreventionMode': 'EXPIRE_MAKER', 'goodTillDate': 0, 'updateTime': 1761300836918}
2025-10-24 15:43:57 - GridOrders - INFO - Grid GRID_BTCUSDT_1761300833 level 5 order placed: SELL 0.01 @ 120000.0
2025-10-24 15:43:57 - GridOrders - INFO - Grid GRID_BTCUSDT_1761300833 execution completed. Placed: 5, Failed: 0
